<?xml version="1.0" encoding="UTF-8"?>
<testng-results skipped="0" failed="0" ignored="0" total="1" passed="1">
  <reporter-output>
  </reporter-output>
  <suite name="Suite" duration-ms="34" started-at="2017-10-01T18:10:47Z" finished-at="2017-10-01T18:10:47Z">
    <groups>
    </groups>
    <test name="Test" duration-ms="34" started-at="2017-10-01T18:10:47Z" finished-at="2017-10-01T18:10:47Z">
      <class name="jenkins.test_jenkins">
        <test-method status="PASS" signature="test()[pri:0, instance:jenkins.test_jenkins@711f39f9]" name="test" duration-ms="12" started-at="2017-10-01T14:10:47Z" finished-at="2017-10-01T14:10:47Z">
          <reporter-output>
          </reporter-output>
        </test-method> <!-- test -->
      </class> <!-- jenkins.test_jenkins -->
    </test> <!-- Test -->
  </suite> <!-- Suite -->
</testng-results>
